<?xml version="1.0" encoding="UTF-8"?>
<!-- Generated by org.testng.reporters.JUnitReportReporter -->
<testsuite hostname="DESKTOP-BA6SG94" failures="0" tests="2" name="rahulshettyacademy.mavenproject.SeleniumTest" time="0.002" errors="0" timestamp="2021-11-17T11:50:22 IST" skipped="0">
  <testcase classname="rahulshettyacademy.mavenproject.SeleniumTest" name="browserAutomation" time="0.001"/>
  <system-out/>
  <testcase classname="rahulshettyacademy.mavenproject.SeleniumTest" name="elementUI" time="0.001"/>
  <system-out/>
</testsuite> <!-- rahulshettyacademy.mavenproject.SeleniumTest -->
